# JRE version: OpenJDK Runtime Environment Temurin-17.0.7+7 (17.0.7+7) (build 17.0.7+7)
# Java VM: OpenJDK 64-Bit Server VM Temurin-17.0.7+7 (17.0.7+7, mixed mode, emulated-client, tiered, compressed oops, compressed class ptrs, g1 gc, windows-amd64)
GC Precious Log:
 CPUs: 12 total, 12 available
 Memory: 15182M
 Large Page Support: Disabled
 NUMA Support: Disabled
 Compressed Oops: Enabled (32-bit)
 Heap Region Size: 1M
 Heap Min Capacity: 8M
 Heap Initial Capacity: 238M
 Heap Max Capacity: 1G
 Pre-touch: Disabled
 Parallel Workers: 10
 Concurrent Workers: 3
 Concurrent Refinement Workers: 10
 Periodic GC: Disabled
Heap:
 garbage-first heap   total 332800K, used 186023K [0x00000000c0000000, 0x0000000100000000)
  region size 1024K, 9 young (9216K), 9 survivors (9216K)
 Metaspace       used 45602K, committed 46016K, reserved 1114112K
  class space    used 6032K, committed 6208K, reserved 1048576K
GC Heap History (20 events):
Event: 9.331 GC heap after
{Heap after GC invocations=36 (full 0):
 garbage-first heap   total 331776K, used 168611K [0x00000000c0000000, 0x0000000100000000)
  region size 1024K, 13 young (13312K), 13 survivors (13312K)
 Metaspace       used 45595K, committed 46016K, reserved 1114112K
  class space    used 6032K, committed 6208K, reserved 1048576K
}
Event: 9.593 GC heap before
{Heap before GC invocations=37 (full 0):
 garbage-first heap   total 331776K, used 278179K [0x00000000c0000000, 0x0000000100000000)
  region size 1024K, 122 young (124928K), 13 survivors (13312K)
 Metaspace       used 45595K, committed 46016K, reserved 1114112K
  class space    used 6032K, committed 6208K, reserved 1048576K
}
Event: 9.599 GC heap after
{Heap after GC invocations=38 (full 0):
 garbage-first heap   total 331776K, used 173710K [0x00000000c0000000, 0x0000000100000000)
  region size 1024K, 12 young (12288K), 12 survivors (12288K)
 Metaspace       used 45595K, committed 46016K, reserved 1114112K
  class space    used 6032K, committed 6208K, reserved 1048576K
}
Event: 9.608 GC heap before
{Heap before GC invocations=38 (full 0):
 garbage-first heap   total 331776K, used 176782K [0x00000000c0000000, 0x0000000100000000)
  region size 1024K, 16 young (16384K), 12 survivors (12288K)
 Metaspace       used 45595K, committed 46016K, reserved 1114112K
  class space    used 6032K, committed 6208K, reserved 1048576K
}
Event: 9.612 GC heap after
{Heap after GC invocations=39 (full 0):
 garbage-first heap   total 331776K, used 172497K [0x00000000c0000000, 0x0000000100000000)
  region size 1024K, 2 young (2048K), 2 survivors (2048K)
 Metaspace       used 45595K, committed 46016K, reserved 1114112K
  class space    used 6032K, committed 6208K, reserved 1048576K
}
Event: 9.802 GC heap before
{Heap before GC invocations=39 (full 0):
 garbage-first heap   total 331776K, used 281041K [0x00000000c0000000, 0x0000000100000000)
  region size 1024K, 109 young (111616K), 2 survivors (2048K)
 Metaspace       used 45595K, committed 46016K, reserved 1114112K
  class space    used 6032K, committed 6208K, reserved 1048576K
}
Event: 9.805 GC heap after
{Heap after GC invocations=40 (full 0):
 garbage-first heap   total 331776K, used 174831K [0x00000000c0000000, 0x0000000100000000)
  region size 1024K, 5 young (5120K), 5 survivors (5120K)
 Metaspace       used 45595K, committed 46016K, reserved 1114112K
  class space    used 6032K, committed 6208K, reserved 1048576K
}
Event: 10.065 GC heap before
{Heap before GC invocations=41 (full 0):
 garbage-first heap   total 332800K, used 281327K [0x00000000c0000000, 0x0000000100000000)
  region size 1024K, 110 young (112640K), 5 survivors (5120K)
 Metaspace       used 45595K, committed 46016K, reserved 1114112K
  class space    used 6032K, committed 6208K, reserved 1048576K
}
Event: 10.069 GC heap after
{Heap after GC invocations=42 (full 0):
 garbage-first heap   total 332800K, used 179969K [0x00000000c0000000, 0x0000000100000000)
  region size 1024K, 10 young (10240K), 10 survivors (10240K)
 Metaspace       used 45595K, committed 46016K, reserved 1114112K
  class space    used 6032K, committed 6208K, reserved 1048576K
}
Event: 10.083 GC heap before
{Heap before GC invocations=42 (full 0):
 garbage-first heap   total 332800K, used 185089K [0x00000000c0000000, 0x0000000100000000)
  region size 1024K, 16 young (16384K), 10 survivors (10240K)
 Metaspace       used 45595K, committed 46016K, reserved 1114112K
  class space    used 6032K, committed 6208K, reserved 1048576K
}
Event: 10.089 GC heap after
{Heap after GC invocations=43 (full 0):
 garbage-first heap   total 332800K, used 178952K [0x00000000c0000000, 0x0000000100000000)
  region size 1024K, 2 young (2048K), 2 survivors (2048K)
 Metaspace       used 45595K, committed 46016K, reserved 1114112K
  class space    used 6032K, committed 6208K, reserved 1048576K
}
Event: 10.258 GC heap before
{Heap before GC invocations=43 (full 0):
 garbage-first heap   total 332800K, used 322312K [0x00000000c0000000, 0x0000000100000000)
  region size 1024K, 97 young (99328K), 2 survivors (2048K)
 Metaspace       used 45595K, committed 46016K, reserved 1114112K
  class space    used 6032K, committed 6208K, reserved 1048576K
}
Event: 10.260 GC heap after
{Heap after GC invocations=44 (full 0):
 garbage-first heap   total 332800K, used 181027K [0x00000000c0000000, 0x0000000100000000)
  region size 1024K, 4 young (4096K), 4 survivors (4096K)
 Metaspace       used 45595K, committed 46016K, reserved 1114112K
  class space    used 6032K, committed 6208K, reserved 1048576K
}
Event: 10.316 GC heap before
{Heap before GC invocations=44 (full 0):
 garbage-first heap   total 332800K, used 244515K [0x00000000c0000000, 0x0000000100000000)
  region size 1024K, 45 young (46080K), 4 survivors (4096K)
 Metaspace       used 45595K, committed 46016K, reserved 1114112K
  class space    used 6032K, committed 6208K, reserved 1048576K
}
Event: 10.318 GC heap after
{Heap after GC invocations=45 (full 0):
 garbage-first heap   total 332800K, used 183499K [0x00000000c0000000, 0x0000000100000000)
  region size 1024K, 5 young (5120K), 5 survivors (5120K)
 Metaspace       used 45595K, committed 46016K, reserved 1114112K
  class space    used 6032K, committed 6208K, reserved 1048576K
}
Event: 10.328 GC heap before
{Heap before GC invocations=45 (full 0):
 garbage-first heap   total 332800K, used 210123K [0x00000000c0000000, 0x0000000100000000)
  region size 1024K, 10 young (10240K), 5 survivors (5120K)
 Metaspace       used 45595K, committed 46016K, reserved 1114112K
  class space    used 6032K, committed 6208K, reserved 1048576K
}
Event: 10.330 GC heap after
{Heap after GC invocations=46 (full 0):
 garbage-first heap   total 332800K, used 183768K [0x00000000c0000000, 0x0000000100000000)
  region size 1024K, 6 young (6144K), 6 survivors (6144K)
 Metaspace       used 45595K, committed 46016K, reserved 1114112K
  class space    used 6032K, committed 6208K, reserved 1048576K
}
Event: 10.337 GC heap before
{Heap before GC invocations=46 (full 0):
 garbage-first heap   total 332800K, used 210392K [0x00000000c0000000, 0x0000000100000000)
  region size 1024K, 10 young (10240K), 6 survivors (6144K)
 Metaspace       used 45595K, committed 46016K, reserved 1114112K
  class space    used 6032K, committed 6208K, reserved 1048576K
}
Event: 10.339 GC heap after
{Heap after GC invocations=47 (full 0):
 garbage-first heap   total 332800K, used 184648K [0x00000000c0000000, 0x0000000100000000)
  region size 1024K, 6 young (6144K), 6 survivors (6144K)
 Metaspace       used 45595K, committed 46016K, reserved 1114112K
  class space    used 6032K, committed 6208K, reserved 1048576K
}
Event: 10.526 GC heap before
{Heap before GC invocations=47 (full 0):
 garbage-first heap   total 332800K, used 288072K [0x00000000c0000000, 0x0000000100000000)
  region size 1024K, 102 young (104448K), 6 survivors (6144K)
 Metaspace       used 45602K, committed 46016K, reserved 1114112K
  class space    used 6032K, committed 6208K, reserved 1048576K
}

